nohup: ignoring input
[b29aa34c] - 06/10/2022 12:43:14 [generation.py 11] main - INFO: TASK ID b29aa34c
[b29aa34c] - 06/10/2022 12:43:14 [generation.py 25] main - INFO: preparing data
epoch : 0
global_step: 0
loss: 8.602546691894531
global_step: 200
loss: 7.783565155902312
global_step: 400
loss: 7.30817961038794
global_step: 600
loss: 7.116713141442932
global_step: 800
loss: 7.002094147952457
global_step: 1000
loss: 6.897200858795441
global_step: 1200
loss: 6.800590922095992
global_step: 1400
loss: 6.711415959629819
global_step: 1600
loss: 6.632108369966658
global_step: 1800
loss: 6.5617547432360945
global_step: 2000
loss: 6.501693518265434
global_step: 2200
loss: 6.447062486521172
global_step: 2400
loss: 6.395951303230231
global_step: 2600
loss: 6.348819930844011
global_step: 2800
loss: 6.305010546875272
global_step: 3000
loss: 6.26452438039249
global_step: 3200
loss: 6.229457013423053
global_step: 3400
loss: 6.193271723749777
global_step: 3600
loss: 6.15729528690371
global_step: 3800
loss: 6.124948678472048
global_step: 4000
loss: 6.092756519970731
global_step: 4200
loss: 6.060780701822282
global_step: 4400
loss: 6.031608161696573
global_step: 4600
loss: 6.0024059610091145
global_step: 4800
loss: 5.974798642801906
global_step: 5000
loss: 5.945782636456717
